<?xml version="1.0" encoding="UTF-8"?>
<testsuite name="com.springboot.project06.SpringBootProject06ApplicationTests" tests="1" skipped="0" failures="0" errors="0" timestamp="2016-12-19T14:15:43" hostname="jo" time="0.025">
  <properties/>
  <testcase name="contextLoads" classname="com.springboot.project06.SpringBootProject06ApplicationTests" time="0.025"/>
  <system-out><![CDATA[23:15:03.287 [Test worker] DEBUG org.springframework.test.context.junit4.SpringJUnit4ClassRunner - SpringJUnit4ClassRunner constructor called with [class com.springboot.project06.SpringBootProject06ApplicationTests]
23:15:03.297 [Test worker] DEBUG org.springframework.test.context.BootstrapUtils - Instantiating CacheAwareContextLoaderDelegate from class [org.springframework.test.context.cache.DefaultCacheAwareContextLoaderDelegate]
23:15:03.311 [Test worker] DEBUG org.springframework.test.context.BootstrapUtils - Instantiating BootstrapContext using constructor [public org.springframework.test.context.support.DefaultBootstrapContext(java.lang.Class,org.springframework.test.context.CacheAwareContextLoaderDelegate)]
23:15:03.338 [Test worker] DEBUG org.springframework.test.context.BootstrapUtils - Instantiating TestContextBootstrapper for test class [com.springboot.project06.SpringBootProject06ApplicationTests] from class [org.springframework.boot.test.context.SpringBootTestContextBootstrapper]
23:15:03.356 [Test worker] INFO org.springframework.boot.test.context.SpringBootTestContextBootstrapper - Neither @ContextConfiguration nor @ContextHierarchy found for test class [com.springboot.project06.SpringBootProject06ApplicationTests], using SpringBootContextLoader
23:15:03.362 [Test worker] DEBUG org.springframework.test.context.support.AbstractContextLoader - Did not detect default resource location for test class [com.springboot.project06.SpringBootProject06ApplicationTests]: class path resource [com/springboot/project06/SpringBootProject06ApplicationTests-context.xml] does not exist
23:15:03.362 [Test worker] DEBUG org.springframework.test.context.support.AbstractContextLoader - Did not detect default resource location for test class [com.springboot.project06.SpringBootProject06ApplicationTests]: class path resource [com/springboot/project06/SpringBootProject06ApplicationTestsContext.groovy] does not exist
23:15:03.363 [Test worker] INFO org.springframework.test.context.support.AbstractContextLoader - Could not detect default resource locations for test class [com.springboot.project06.SpringBootProject06ApplicationTests]: no resource found for suffixes {-context.xml, Context.groovy}.
23:15:03.364 [Test worker] INFO org.springframework.test.context.support.AnnotationConfigContextLoaderUtils - Could not detect default configuration classes for test class [com.springboot.project06.SpringBootProject06ApplicationTests]: SpringBootProject06ApplicationTests does not declare any static, non-private, non-final, nested classes annotated with @Configuration.
23:15:03.431 [Test worker] DEBUG org.springframework.test.context.support.ActiveProfilesUtils - Could not find an 'annotation declaring class' for annotation type [org.springframework.test.context.ActiveProfiles] and class [com.springboot.project06.SpringBootProject06ApplicationTests]
23:15:03.507 [Test worker] DEBUG org.springframework.core.env.StandardEnvironment - Adding [systemProperties] PropertySource with lowest search precedence
23:15:03.509 [Test worker] DEBUG org.springframework.core.env.StandardEnvironment - Adding [systemEnvironment] PropertySource with lowest search precedence
23:15:03.509 [Test worker] DEBUG org.springframework.core.env.StandardEnvironment - Initialized StandardEnvironment with PropertySources [systemProperties,systemEnvironment]
23:15:03.525 [Test worker] DEBUG org.springframework.core.io.support.PathMatchingResourcePatternResolver - Resolved classpath location [com/springboot/project06/] to resources [URL [file:/home/nick/IdeaProjects/SpringBootProject06/build/classes/test/com/springboot/project06/], URL [file:/home/nick/IdeaProjects/SpringBootProject06/build/classes/main/com/springboot/project06/]]
23:15:03.526 [Test worker] DEBUG org.springframework.core.io.support.PathMatchingResourcePatternResolver - Looking for matching resources in directory tree [/home/nick/IdeaProjects/SpringBootProject06/build/classes/test/com/springboot/project06]
23:15:03.526 [Test worker] DEBUG org.springframework.core.io.support.PathMatchingResourcePatternResolver - Searching directory [/home/nick/IdeaProjects/SpringBootProject06/build/classes/test/com/springboot/project06] for files matching pattern [/home/nick/IdeaProjects/SpringBootProject06/build/classes/test/com/springboot/project06/*.class]
23:15:03.531 [Test worker] DEBUG org.springframework.core.io.support.PathMatchingResourcePatternResolver - Looking for matching resources in directory tree [/home/nick/IdeaProjects/SpringBootProject06/build/classes/main/com/springboot/project06]
23:15:03.532 [Test worker] DEBUG org.springframework.core.io.support.PathMatchingResourcePatternResolver - Searching directory [/home/nick/IdeaProjects/SpringBootProject06/build/classes/main/com/springboot/project06] for files matching pattern [/home/nick/IdeaProjects/SpringBootProject06/build/classes/main/com/springboot/project06/*.class]
23:15:03.533 [Test worker] DEBUG org.springframework.core.io.support.PathMatchingResourcePatternResolver - Resolved location pattern [classpath*:com/springboot/project06/*.class] to resources [file [/home/nick/IdeaProjects/SpringBootProject06/build/classes/test/com/springboot/project06/SpringBootProject06ApplicationTests.class], file [/home/nick/IdeaProjects/SpringBootProject06/build/classes/main/com/springboot/project06/SpringBootProject06Application.class]]
23:15:03.628 [Test worker] DEBUG org.springframework.context.annotation.ClassPathScanningCandidateComponentProvider - Identified candidate component class: file [/home/nick/IdeaProjects/SpringBootProject06/build/classes/main/com/springboot/project06/SpringBootProject06Application.class]
23:15:03.629 [Test worker] INFO org.springframework.boot.test.context.SpringBootTestContextBootstrapper - Found @SpringBootConfiguration com.springboot.project06.SpringBootProject06Application for test class com.springboot.project06.SpringBootProject06ApplicationTests
23:15:03.635 [Test worker] DEBUG org.springframework.boot.test.context.SpringBootTestContextBootstrapper - @TestExecutionListeners is not present for class [com.springboot.project06.SpringBootProject06ApplicationTests]: using defaults.
23:15:03.641 [Test worker] INFO org.springframework.boot.test.context.SpringBootTestContextBootstrapper - Loaded default TestExecutionListener class names from location [META-INF/spring.factories]: [org.springframework.boot.test.mock.mockito.MockitoTestExecutionListener, org.springframework.boot.test.mock.mockito.ResetMocksTestExecutionListener, org.springframework.boot.test.autoconfigure.AutoConfigureReportTestExecutionListener, org.springframework.boot.test.autoconfigure.restdocs.RestDocsTestExecutionListener, org.springframework.boot.test.autoconfigure.web.client.MockRestServiceServerResetTestExecutionListener, org.springframework.test.context.web.ServletTestExecutionListener, org.springframework.test.context.support.DirtiesContextBeforeModesTestExecutionListener, org.springframework.test.context.support.DependencyInjectionTestExecutionListener, org.springframework.test.context.support.DirtiesContextTestExecutionListener, org.springframework.test.context.transaction.TransactionalTestExecutionListener, org.springframework.test.context.jdbc.SqlScriptsTestExecutionListener]
23:15:03.665 [Test worker] INFO org.springframework.boot.test.context.SpringBootTestContextBootstrapper - Using TestExecutionListeners: [org.springframework.test.context.web.ServletTestExecutionListener@5d4c71ab, org.springframework.test.context.support.DirtiesContextBeforeModesTestExecutionListener@2bb98838, org.springframework.boot.test.autoconfigure.AutoConfigureReportTestExecutionListener@6f6530f8, org.springframework.test.context.support.DependencyInjectionTestExecutionListener@351e52ad, org.springframework.test.context.support.DirtiesContextTestExecutionListener@be1ac8c, org.springframework.test.context.transaction.TransactionalTestExecutionListener@6cfe0d80, org.springframework.test.context.jdbc.SqlScriptsTestExecutionListener@2a5a1217, org.springframework.boot.test.mock.mockito.ResetMocksTestExecutionListener@6d96a6cb, org.springframework.boot.test.autoconfigure.web.client.MockRestServiceServerResetTestExecutionListener@6b95e239, org.springframework.boot.test.autoconfigure.restdocs.RestDocsTestExecutionListener@779b60c6, org.springframework.boot.test.mock.mockito.MockitoTestExecutionListener@dab0e88]
23:15:03.669 [Test worker] DEBUG org.springframework.test.annotation.ProfileValueUtils - Retrieved @ProfileValueSourceConfiguration [null] for test class [com.springboot.project06.SpringBootProject06ApplicationTests]
23:15:03.670 [Test worker] DEBUG org.springframework.test.annotation.ProfileValueUtils - Retrieved ProfileValueSource type [class org.springframework.test.annotation.SystemProfileValueSource] for class [com.springboot.project06.SpringBootProject06ApplicationTests]
23:15:03.671 [Test worker] DEBUG org.springframework.test.annotation.ProfileValueUtils - Retrieved @ProfileValueSourceConfiguration [null] for test class [com.springboot.project06.SpringBootProject06ApplicationTests]
23:15:03.672 [Test worker] DEBUG org.springframework.test.annotation.ProfileValueUtils - Retrieved ProfileValueSource type [class org.springframework.test.annotation.SystemProfileValueSource] for class [com.springboot.project06.SpringBootProject06ApplicationTests]
23:15:03.677 [Test worker] DEBUG org.springframework.test.context.support.AbstractDirtiesContextTestExecutionListener - Before test class: context [DefaultTestContext@6c95c2a2 testClass = SpringBootProject06ApplicationTests, testInstance = [null], testMethod = [null], testException = [null], mergedContextConfiguration = [WebMergedContextConfiguration@5174c1cb testClass = SpringBootProject06ApplicationTests, locations = '{}', classes = '{class com.springboot.project06.SpringBootProject06Application}', contextInitializerClasses = '[]', activeProfiles = '{}', propertySourceLocations = '{}', propertySourceProperties = '{org.springframework.boot.test.context.SpringBootTestContextBootstrapper=true}', contextCustomizers = set[org.springframework.boot.test.context.SpringBootTestContextCustomizer@22aa68ed, org.springframework.boot.test.context.filter.ExcludeFilterContextCustomizer@66181f6, org.springframework.boot.test.mock.mockito.MockitoContextCustomizer@0, org.springframework.boot.test.autoconfigure.properties.PropertyMappingContextCustomizer@0], resourceBasePath = 'src/main/webapp', contextLoader = 'org.springframework.boot.test.context.SpringBootContextLoader', parent = [null]]], class annotated with @DirtiesContext [false] with mode [null].
23:15:03.678 [Test worker] DEBUG org.springframework.test.annotation.ProfileValueUtils - Retrieved @ProfileValueSourceConfiguration [null] for test class [com.springboot.project06.SpringBootProject06ApplicationTests]
23:15:03.678 [Test worker] DEBUG org.springframework.test.annotation.ProfileValueUtils - Retrieved ProfileValueSource type [class org.springframework.test.annotation.SystemProfileValueSource] for class [com.springboot.project06.SpringBootProject06ApplicationTests]
23:15:03.720 [Test worker] DEBUG org.springframework.core.env.StandardEnvironment - Adding [systemProperties] PropertySource with lowest search precedence
23:15:03.720 [Test worker] DEBUG org.springframework.core.env.StandardEnvironment - Adding [systemEnvironment] PropertySource with lowest search precedence
23:15:03.720 [Test worker] DEBUG org.springframework.core.env.StandardEnvironment - Initialized StandardEnvironment with PropertySources [systemProperties,systemEnvironment]
23:15:03.721 [Test worker] DEBUG org.springframework.test.context.support.TestPropertySourceUtils - Adding inlined properties to environment: {spring.jmx.enabled=false, org.springframework.boot.test.context.SpringBootTestContextBootstrapper=true, server.port=-1}
23:15:03.721 [Test worker] DEBUG org.springframework.core.env.StandardEnvironment - Adding [Inlined Test Properties] PropertySource with highest search precedence

  .   ____          _            __ _ _
 /\\ / ___'_ __ _ _(_)_ __  __ _ \ \ \ \
( ( )\___ | '_ | '_| | '_ \/ _` | \ \ \ \
 \\/  ___)| |_)| | | | | || (_| |  ) ) ) )
  '  |____| .__|_| |_|_| |_\__, | / / / /
 =========|_|==============|___/=/_/_/_/
 :: Spring Boot ::        (v1.4.0.RELEASE)

2016-12-19 23:15:04.218  INFO 4885 --- [    Test worker] .s.p.SpringBootProject06ApplicationTests : Starting SpringBootProject06ApplicationTests on jo with PID 4885 (started by nick in /home/nick/IdeaProjects/SpringBootProject06)
2016-12-19 23:15:04.220  INFO 4885 --- [    Test worker] .s.p.SpringBootProject06ApplicationTests : No active profile set, falling back to default profiles: default
2016-12-19 23:15:04.667  INFO 4885 --- [    Test worker] o.s.w.c.s.GenericWebApplicationContext   : Refreshing org.springframework.web.context.support.GenericWebApplicationContext@7067c3de: startup date [Mon Dec 19 23:15:04 KST 2016]; root of context hierarchy
2016-12-19 23:15:06.953  INFO 4885 --- [    Test worker] trationDelegate$BeanPostProcessorChecker : Bean 'org.springframework.transaction.annotation.ProxyTransactionManagementConfiguration' of type [class org.springframework.transaction.annotation.ProxyTransactionManagementConfiguration$$EnhancerBySpringCGLIB$$c6f86004] is not eligible for getting processed by all BeanPostProcessors (for example: not eligible for auto-proxying)
2016-12-19 23:15:09.434  INFO 4885 --- [    Test worker] j.LocalContainerEntityManagerFactoryBean : Building JPA container EntityManagerFactory for persistence unit 'default'
2016-12-19 23:15:09.464  INFO 4885 --- [    Test worker] o.hibernate.jpa.internal.util.LogHelper  : HHH000204: Processing PersistenceUnitInfo [
	name: default
	...]
2016-12-19 23:15:09.559  INFO 4885 --- [    Test worker] org.hibernate.Version                    : HHH000412: Hibernate Core {5.0.9.Final}
2016-12-19 23:15:09.561  INFO 4885 --- [    Test worker] org.hibernate.cfg.Environment            : HHH000206: hibernate.properties not found
2016-12-19 23:15:09.563  INFO 4885 --- [    Test worker] org.hibernate.cfg.Environment            : HHH000021: Bytecode provider name : javassist
2016-12-19 23:15:09.615  INFO 4885 --- [    Test worker] o.hibernate.annotations.common.Version   : HCANN000001: Hibernate Commons Annotations {5.0.1.Final}
2016-12-19 23:15:09.902  INFO 4885 --- [    Test worker] org.hibernate.dialect.Dialect            : HHH000400: Using dialect: org.hibernate.dialect.PostgreSQL94Dialect
2016-12-19 23:15:40.314  INFO 4885 --- [    Test worker] o.h.e.j.e.i.LobCreatorBuilderImpl        : HHH000424: Disabling contextual LOB creation as createClob() method threw error : java.lang.reflect.InvocationTargetException
2016-12-19 23:15:40.317  INFO 4885 --- [    Test worker] org.hibernate.type.BasicTypeRegistry     : HHH000270: Type registration [java.util.UUID] overrides previous : org.hibernate.type.UUIDBinaryType@85a51e2
2016-12-19 23:15:40.849  INFO 4885 --- [    Test worker] j.LocalContainerEntityManagerFactoryBean : Initialized JPA EntityManagerFactory for persistence unit 'default'
2016-12-19 23:15:41.998  INFO 4885 --- [    Test worker] s.w.s.m.m.a.RequestMappingHandlerAdapter : Looking for @ControllerAdvice: org.springframework.web.context.support.GenericWebApplicationContext@7067c3de: startup date [Mon Dec 19 23:15:04 KST 2016]; root of context hierarchy
2016-12-19 23:15:42.135  INFO 4885 --- [    Test worker] s.w.s.m.m.a.RequestMappingHandlerMapping : Mapped "{[/selectBoard],methods=[GET]}" onto public java.lang.String com.springboot.project06.controller.BoardController.boardList(org.springframework.ui.Model)
2016-12-19 23:15:42.137  INFO 4885 --- [    Test worker] s.w.s.m.m.a.RequestMappingHandlerMapping : Mapped "{[/board_grid]}" onto public java.lang.String com.springboot.project06.controller.BoardController.selectBoardGrid(org.springframework.ui.Model)
2016-12-19 23:15:42.137  INFO 4885 --- [    Test worker] s.w.s.m.m.a.RequestMappingHandlerMapping : Mapped "{[/selectBoard_grid]}" onto public void com.springboot.project06.controller.BoardController.selectBoard_gird(org.apache.catalina.servlet4preview.http.HttpServletRequest,javax.servlet.http.HttpServletResponse)
2016-12-19 23:15:42.138  INFO 4885 --- [    Test worker] s.w.s.m.m.a.RequestMappingHandlerMapping : Mapped "{[/selectBoard_json]}" onto public java.lang.Object com.springboot.project06.controller.BoardController.getJson()
2016-12-19 23:15:42.140  INFO 4885 --- [    Test worker] s.w.s.m.m.a.RequestMappingHandlerMapping : Mapped "{[/main]}" onto public java.lang.String com.springboot.project06.controller.MainController.indexMethod()
2016-12-19 23:15:42.140  INFO 4885 --- [    Test worker] s.w.s.m.m.a.RequestMappingHandlerMapping : Mapped "{[/selectMainPageData]}" onto public void com.springboot.project06.controller.MainController.selectMainPage(org.springframework.ui.Model)
2016-12-19 23:15:42.140  INFO 4885 --- [    Test worker] s.w.s.m.m.a.RequestMappingHandlerMapping : Mapped "{[/daumeditor]}" onto public java.lang.String com.springboot.project06.controller.MainController.daumeditor()
2016-12-19 23:15:42.141  INFO 4885 --- [    Test worker] s.w.s.m.m.a.RequestMappingHandlerMapping : Mapped "{[/board_insert]}" onto public java.lang.String com.springboot.project06.controller.MainController.board_insert()
2016-12-19 23:15:42.141  INFO 4885 --- [    Test worker] s.w.s.m.m.a.RequestMappingHandlerMapping : Mapped "{[/board_insert_1]}" onto public java.lang.String com.springboot.project06.controller.MainController.board_insert_1()
2016-12-19 23:15:42.141  INFO 4885 --- [    Test worker] s.w.s.m.m.a.RequestMappingHandlerMapping : Mapped "{[/testPage]}" onto public java.lang.String com.springboot.project06.controller.MainController.cssTestPage()
2016-12-19 23:15:42.141  INFO 4885 --- [    Test worker] s.w.s.m.m.a.RequestMappingHandlerMapping : Mapped "{[/board]}" onto public java.lang.String com.springboot.project06.controller.MainController.board(org.springframework.ui.Model)
2016-12-19 23:15:42.142  INFO 4885 --- [    Test worker] s.w.s.m.m.a.RequestMappingHandlerMapping : Mapped "{[/mainPage]}" onto public java.lang.String com.springboot.project06.controller.MainController.mainPage()
2016-12-19 23:15:42.142  INFO 4885 --- [    Test worker] s.w.s.m.m.a.RequestMappingHandlerMapping : Mapped "{[/test]}" onto public java.lang.String com.springboot.project06.controller.MainController.index()
2016-12-19 23:15:42.146  INFO 4885 --- [    Test worker] s.w.s.m.m.a.RequestMappingHandlerMapping : Mapped "{[/error],produces=[text/html]}" onto public org.springframework.web.servlet.ModelAndView org.springframework.boot.autoconfigure.web.BasicErrorController.errorHtml(javax.servlet.http.HttpServletRequest,javax.servlet.http.HttpServletResponse)
2016-12-19 23:15:42.146  INFO 4885 --- [    Test worker] s.w.s.m.m.a.RequestMappingHandlerMapping : Mapped "{[/error]}" onto public org.springframework.http.ResponseEntity<java.util.Map<java.lang.String, java.lang.Object>> org.springframework.boot.autoconfigure.web.BasicErrorController.error(javax.servlet.http.HttpServletRequest)
2016-12-19 23:15:42.205  INFO 4885 --- [    Test worker] o.s.w.s.handler.SimpleUrlHandlerMapping  : Mapped URL path [/webjars/**] onto handler of type [class org.springframework.web.servlet.resource.ResourceHttpRequestHandler]
2016-12-19 23:15:42.205  INFO 4885 --- [    Test worker] o.s.w.s.handler.SimpleUrlHandlerMapping  : Mapped URL path [/**] onto handler of type [class org.springframework.web.servlet.resource.ResourceHttpRequestHandler]
2016-12-19 23:15:42.289  INFO 4885 --- [    Test worker] o.s.w.s.handler.SimpleUrlHandlerMapping  : Mapped URL path [/**/favicon.ico] onto handler of type [class org.springframework.web.servlet.resource.ResourceHttpRequestHandler]
2016-12-19 23:15:43.068  INFO 4885 --- [    Test worker] b.a.s.AuthenticationManagerConfiguration : 

Using default security password: 4c789a20-c698-409d-a755-91821cc6d282

2016-12-19 23:15:43.143  INFO 4885 --- [    Test worker] o.s.s.web.DefaultSecurityFilterChain     : Creating filter chain: Ant [pattern='/css/**'], []
2016-12-19 23:15:43.144  INFO 4885 --- [    Test worker] o.s.s.web.DefaultSecurityFilterChain     : Creating filter chain: Ant [pattern='/js/**'], []
2016-12-19 23:15:43.144  INFO 4885 --- [    Test worker] o.s.s.web.DefaultSecurityFilterChain     : Creating filter chain: Ant [pattern='/images/**'], []
2016-12-19 23:15:43.144  INFO 4885 --- [    Test worker] o.s.s.web.DefaultSecurityFilterChain     : Creating filter chain: Ant [pattern='/webjars/**'], []
2016-12-19 23:15:43.144  INFO 4885 --- [    Test worker] o.s.s.web.DefaultSecurityFilterChain     : Creating filter chain: Ant [pattern='/**/favicon.ico'], []
2016-12-19 23:15:43.144  INFO 4885 --- [    Test worker] o.s.s.web.DefaultSecurityFilterChain     : Creating filter chain: Ant [pattern='/error'], []
2016-12-19 23:15:43.245  INFO 4885 --- [    Test worker] o.s.s.web.DefaultSecurityFilterChain     : Creating filter chain: org.springframework.boot.autoconfigure.security.SpringBootWebSecurityConfiguration$ApplicationNoWebSecurityConfigurerAdapter$1@18864628, [org.springframework.security.web.context.request.async.WebAsyncManagerIntegrationFilter@774a61b1, org.springframework.security.web.context.SecurityContextPersistenceFilter@3d4da4a9, org.springframework.security.web.header.HeaderWriterFilter@217cbfa6, org.springframework.security.web.csrf.CsrfFilter@7513dae5, org.springframework.security.web.authentication.logout.LogoutFilter@161aed0f, org.springframework.security.web.savedrequest.RequestCacheAwareFilter@7d207d99, org.springframework.security.web.servletapi.SecurityContextHolderAwareRequestFilter@268d7e98, org.springframework.security.web.authentication.AnonymousAuthenticationFilter@367998c2, org.springframework.security.web.session.SessionManagementFilter@4f4920c4, org.springframework.security.web.access.ExceptionTranslationFilter@527fc9a1]
2016-12-19 23:15:43.649  INFO 4885 --- [    Test worker] .s.p.SpringBootProject06ApplicationTests : Started SpringBootProject06ApplicationTests in 39.917 seconds (JVM running for 41.492)
]]></system-out>
  <system-err><![CDATA[]]></system-err>
</testsuite>
