<?xml version="1.0" encoding="UTF-8"?>
<testsuite name="com.springboot.project06.SpringBootProject06ApplicationTests" tests="1" skipped="0" failures="0" errors="0" timestamp="2016-12-10T11:49:55" hostname="jo" time="0.028">
  <properties/>
  <testcase name="contextLoads" classname="com.springboot.project06.SpringBootProject06ApplicationTests" time="0.028"/>
  <system-out><![CDATA[20:49:34.290 [Test worker] DEBUG org.springframework.test.context.junit4.SpringJUnit4ClassRunner - SpringJUnit4ClassRunner constructor called with [class com.springboot.project06.SpringBootProject06ApplicationTests]
20:49:34.315 [Test worker] DEBUG org.springframework.test.context.BootstrapUtils - Instantiating CacheAwareContextLoaderDelegate from class [org.springframework.test.context.cache.DefaultCacheAwareContextLoaderDelegate]
20:49:34.333 [Test worker] DEBUG org.springframework.test.context.BootstrapUtils - Instantiating BootstrapContext using constructor [public org.springframework.test.context.support.DefaultBootstrapContext(java.lang.Class,org.springframework.test.context.CacheAwareContextLoaderDelegate)]
20:49:34.352 [Test worker] DEBUG org.springframework.test.context.BootstrapUtils - Instantiating TestContextBootstrapper for test class [com.springboot.project06.SpringBootProject06ApplicationTests] from class [org.springframework.boot.test.context.SpringBootTestContextBootstrapper]
20:49:34.370 [Test worker] INFO org.springframework.boot.test.context.SpringBootTestContextBootstrapper - Neither @ContextConfiguration nor @ContextHierarchy found for test class [com.springboot.project06.SpringBootProject06ApplicationTests], using SpringBootContextLoader
20:49:34.374 [Test worker] DEBUG org.springframework.test.context.support.AbstractContextLoader - Did not detect default resource location for test class [com.springboot.project06.SpringBootProject06ApplicationTests]: class path resource [com/springboot/project06/SpringBootProject06ApplicationTests-context.xml] does not exist
20:49:34.374 [Test worker] DEBUG org.springframework.test.context.support.AbstractContextLoader - Did not detect default resource location for test class [com.springboot.project06.SpringBootProject06ApplicationTests]: class path resource [com/springboot/project06/SpringBootProject06ApplicationTestsContext.groovy] does not exist
20:49:34.374 [Test worker] INFO org.springframework.test.context.support.AbstractContextLoader - Could not detect default resource locations for test class [com.springboot.project06.SpringBootProject06ApplicationTests]: no resource found for suffixes {-context.xml, Context.groovy}.
20:49:34.376 [Test worker] INFO org.springframework.test.context.support.AnnotationConfigContextLoaderUtils - Could not detect default configuration classes for test class [com.springboot.project06.SpringBootProject06ApplicationTests]: SpringBootProject06ApplicationTests does not declare any static, non-private, non-final, nested classes annotated with @Configuration.
20:49:34.452 [Test worker] DEBUG org.springframework.test.context.support.ActiveProfilesUtils - Could not find an 'annotation declaring class' for annotation type [org.springframework.test.context.ActiveProfiles] and class [com.springboot.project06.SpringBootProject06ApplicationTests]
20:49:34.526 [Test worker] DEBUG org.springframework.core.env.StandardEnvironment - Adding [systemProperties] PropertySource with lowest search precedence
20:49:34.527 [Test worker] DEBUG org.springframework.core.env.StandardEnvironment - Adding [systemEnvironment] PropertySource with lowest search precedence
20:49:34.528 [Test worker] DEBUG org.springframework.core.env.StandardEnvironment - Initialized StandardEnvironment with PropertySources [systemProperties,systemEnvironment]
20:49:34.544 [Test worker] DEBUG org.springframework.core.io.support.PathMatchingResourcePatternResolver - Resolved classpath location [com/springboot/project06/] to resources [URL [file:/home/nick/IdeaProjects/SpringBootProject06/build/classes/test/com/springboot/project06/], URL [file:/home/nick/IdeaProjects/SpringBootProject06/build/classes/main/com/springboot/project06/]]
20:49:34.544 [Test worker] DEBUG org.springframework.core.io.support.PathMatchingResourcePatternResolver - Looking for matching resources in directory tree [/home/nick/IdeaProjects/SpringBootProject06/build/classes/test/com/springboot/project06]
20:49:34.545 [Test worker] DEBUG org.springframework.core.io.support.PathMatchingResourcePatternResolver - Searching directory [/home/nick/IdeaProjects/SpringBootProject06/build/classes/test/com/springboot/project06] for files matching pattern [/home/nick/IdeaProjects/SpringBootProject06/build/classes/test/com/springboot/project06/*.class]
20:49:34.550 [Test worker] DEBUG org.springframework.core.io.support.PathMatchingResourcePatternResolver - Looking for matching resources in directory tree [/home/nick/IdeaProjects/SpringBootProject06/build/classes/main/com/springboot/project06]
20:49:34.550 [Test worker] DEBUG org.springframework.core.io.support.PathMatchingResourcePatternResolver - Searching directory [/home/nick/IdeaProjects/SpringBootProject06/build/classes/main/com/springboot/project06] for files matching pattern [/home/nick/IdeaProjects/SpringBootProject06/build/classes/main/com/springboot/project06/*.class]
20:49:34.551 [Test worker] DEBUG org.springframework.core.io.support.PathMatchingResourcePatternResolver - Resolved location pattern [classpath*:com/springboot/project06/*.class] to resources [file [/home/nick/IdeaProjects/SpringBootProject06/build/classes/test/com/springboot/project06/SpringBootProject06ApplicationTests.class], file [/home/nick/IdeaProjects/SpringBootProject06/build/classes/main/com/springboot/project06/SpringBootProject06Application.class]]
20:49:34.648 [Test worker] DEBUG org.springframework.context.annotation.ClassPathScanningCandidateComponentProvider - Identified candidate component class: file [/home/nick/IdeaProjects/SpringBootProject06/build/classes/main/com/springboot/project06/SpringBootProject06Application.class]
20:49:34.649 [Test worker] INFO org.springframework.boot.test.context.SpringBootTestContextBootstrapper - Found @SpringBootConfiguration com.springboot.project06.SpringBootProject06Application for test class com.springboot.project06.SpringBootProject06ApplicationTests
20:49:34.655 [Test worker] DEBUG org.springframework.boot.test.context.SpringBootTestContextBootstrapper - @TestExecutionListeners is not present for class [com.springboot.project06.SpringBootProject06ApplicationTests]: using defaults.
20:49:34.661 [Test worker] INFO org.springframework.boot.test.context.SpringBootTestContextBootstrapper - Loaded default TestExecutionListener class names from location [META-INF/spring.factories]: [org.springframework.boot.test.mock.mockito.MockitoTestExecutionListener, org.springframework.boot.test.mock.mockito.ResetMocksTestExecutionListener, org.springframework.boot.test.autoconfigure.AutoConfigureReportTestExecutionListener, org.springframework.boot.test.autoconfigure.restdocs.RestDocsTestExecutionListener, org.springframework.boot.test.autoconfigure.web.client.MockRestServiceServerResetTestExecutionListener, org.springframework.test.context.web.ServletTestExecutionListener, org.springframework.test.context.support.DirtiesContextBeforeModesTestExecutionListener, org.springframework.test.context.support.DependencyInjectionTestExecutionListener, org.springframework.test.context.support.DirtiesContextTestExecutionListener, org.springframework.test.context.transaction.TransactionalTestExecutionListener, org.springframework.test.context.jdbc.SqlScriptsTestExecutionListener]
20:49:34.676 [Test worker] INFO org.springframework.boot.test.context.SpringBootTestContextBootstrapper - Using TestExecutionListeners: [org.springframework.test.context.web.ServletTestExecutionListener@1ae64363, org.springframework.test.context.support.DirtiesContextBeforeModesTestExecutionListener@2f55aeb0, org.springframework.boot.test.autoconfigure.AutoConfigureReportTestExecutionListener@15d6f8a, org.springframework.test.context.support.DependencyInjectionTestExecutionListener@7715b9a9, org.springframework.test.context.support.DirtiesContextTestExecutionListener@5f400173, org.springframework.test.context.transaction.TransactionalTestExecutionListener@5de20405, org.springframework.test.context.jdbc.SqlScriptsTestExecutionListener@3729010c, org.springframework.boot.test.autoconfigure.restdocs.RestDocsTestExecutionListener@6dab2eb1, org.springframework.boot.test.autoconfigure.web.client.MockRestServiceServerResetTestExecutionListener@32bff1ee, org.springframework.boot.test.mock.mockito.ResetMocksTestExecutionListener@7fb01990, org.springframework.boot.test.mock.mockito.MockitoTestExecutionListener@ee460b]
20:49:34.679 [Test worker] DEBUG org.springframework.test.annotation.ProfileValueUtils - Retrieved @ProfileValueSourceConfiguration [null] for test class [com.springboot.project06.SpringBootProject06ApplicationTests]
20:49:34.680 [Test worker] DEBUG org.springframework.test.annotation.ProfileValueUtils - Retrieved ProfileValueSource type [class org.springframework.test.annotation.SystemProfileValueSource] for class [com.springboot.project06.SpringBootProject06ApplicationTests]
20:49:34.681 [Test worker] DEBUG org.springframework.test.annotation.ProfileValueUtils - Retrieved @ProfileValueSourceConfiguration [null] for test class [com.springboot.project06.SpringBootProject06ApplicationTests]
20:49:34.681 [Test worker] DEBUG org.springframework.test.annotation.ProfileValueUtils - Retrieved ProfileValueSource type [class org.springframework.test.annotation.SystemProfileValueSource] for class [com.springboot.project06.SpringBootProject06ApplicationTests]
20:49:34.687 [Test worker] DEBUG org.springframework.test.context.support.AbstractDirtiesContextTestExecutionListener - Before test class: context [DefaultTestContext@ac32b31 testClass = SpringBootProject06ApplicationTests, testInstance = [null], testMethod = [null], testException = [null], mergedContextConfiguration = [WebMergedContextConfiguration@67ec1af7 testClass = SpringBootProject06ApplicationTests, locations = '{}', classes = '{class com.springboot.project06.SpringBootProject06Application}', contextInitializerClasses = '[]', activeProfiles = '{}', propertySourceLocations = '{}', propertySourceProperties = '{org.springframework.boot.test.context.SpringBootTestContextBootstrapper=true}', contextCustomizers = set[org.springframework.boot.test.context.SpringBootTestContextCustomizer@697cf61f, org.springframework.boot.test.context.filter.ExcludeFilterContextCustomizer@23c86224, org.springframework.boot.test.mock.mockito.MockitoContextCustomizer@0, org.springframework.boot.test.autoconfigure.properties.PropertyMappingContextCustomizer@0], resourceBasePath = 'src/main/webapp', contextLoader = 'org.springframework.boot.test.context.SpringBootContextLoader', parent = [null]]], class annotated with @DirtiesContext [false] with mode [null].
20:49:34.687 [Test worker] DEBUG org.springframework.test.annotation.ProfileValueUtils - Retrieved @ProfileValueSourceConfiguration [null] for test class [com.springboot.project06.SpringBootProject06ApplicationTests]
20:49:34.687 [Test worker] DEBUG org.springframework.test.annotation.ProfileValueUtils - Retrieved ProfileValueSource type [class org.springframework.test.annotation.SystemProfileValueSource] for class [com.springboot.project06.SpringBootProject06ApplicationTests]
20:49:34.725 [Test worker] DEBUG org.springframework.core.env.StandardEnvironment - Adding [systemProperties] PropertySource with lowest search precedence
20:49:34.725 [Test worker] DEBUG org.springframework.core.env.StandardEnvironment - Adding [systemEnvironment] PropertySource with lowest search precedence
20:49:34.726 [Test worker] DEBUG org.springframework.core.env.StandardEnvironment - Initialized StandardEnvironment with PropertySources [systemProperties,systemEnvironment]
20:49:34.728 [Test worker] DEBUG org.springframework.test.context.support.TestPropertySourceUtils - Adding inlined properties to environment: {spring.jmx.enabled=false, org.springframework.boot.test.context.SpringBootTestContextBootstrapper=true, server.port=-1}
20:49:34.728 [Test worker] DEBUG org.springframework.core.env.StandardEnvironment - Adding [Inlined Test Properties] PropertySource with highest search precedence

  .   ____          _            __ _ _
 /\\ / ___'_ __ _ _(_)_ __  __ _ \ \ \ \
( ( )\___ | '_ | '_| | '_ \/ _` | \ \ \ \
 \\/  ___)| |_)| | | | | || (_| |  ) ) ) )
  '  |____| .__|_| |_|_| |_\__, | / / / /
 =========|_|==============|___/=/_/_/_/
 :: Spring Boot ::        (v1.4.0.RELEASE)

2016-12-10 20:49:35.261  INFO 4794 --- [    Test worker] .s.p.SpringBootProject06ApplicationTests : Starting SpringBootProject06ApplicationTests on jo with PID 4794 (started by nick in /home/nick/IdeaProjects/SpringBootProject06)
2016-12-10 20:49:35.263  INFO 4794 --- [    Test worker] .s.p.SpringBootProject06ApplicationTests : No active profile set, falling back to default profiles: default
2016-12-10 20:49:35.611  INFO 4794 --- [    Test worker] o.s.w.c.s.GenericWebApplicationContext   : Refreshing org.springframework.web.context.support.GenericWebApplicationContext@7d6a6082: startup date [Sat Dec 10 20:49:35 KST 2016]; root of context hierarchy
2016-12-10 20:49:38.305  INFO 4794 --- [    Test worker] trationDelegate$BeanPostProcessorChecker : Bean 'org.springframework.transaction.annotation.ProxyTransactionManagementConfiguration' of type [class org.springframework.transaction.annotation.ProxyTransactionManagementConfiguration$$EnhancerBySpringCGLIB$$b708eeab] is not eligible for getting processed by all BeanPostProcessors (for example: not eligible for auto-proxying)
2016-12-10 20:49:40.174  INFO 4794 --- [    Test worker] j.LocalContainerEntityManagerFactoryBean : Building JPA container EntityManagerFactory for persistence unit 'default'
2016-12-10 20:49:40.196  INFO 4794 --- [    Test worker] o.hibernate.jpa.internal.util.LogHelper  : HHH000204: Processing PersistenceUnitInfo [
	name: default
	...]
2016-12-10 20:49:40.287  INFO 4794 --- [    Test worker] org.hibernate.Version                    : HHH000412: Hibernate Core {5.0.9.Final}
2016-12-10 20:49:40.289  INFO 4794 --- [    Test worker] org.hibernate.cfg.Environment            : HHH000206: hibernate.properties not found
2016-12-10 20:49:40.292  INFO 4794 --- [    Test worker] org.hibernate.cfg.Environment            : HHH000021: Bytecode provider name : javassist
2016-12-10 20:49:40.342  INFO 4794 --- [    Test worker] o.hibernate.annotations.common.Version   : HCANN000001: Hibernate Commons Annotations {5.0.1.Final}
2016-12-10 20:49:40.652  INFO 4794 --- [    Test worker] org.hibernate.dialect.Dialect            : HHH000400: Using dialect: org.hibernate.dialect.PostgreSQL94Dialect
2016-12-10 20:49:51.461  INFO 4794 --- [    Test worker] o.h.e.j.e.i.LobCreatorBuilderImpl        : HHH000424: Disabling contextual LOB creation as createClob() method threw error : java.lang.reflect.InvocationTargetException
2016-12-10 20:49:51.464  INFO 4794 --- [    Test worker] org.hibernate.type.BasicTypeRegistry     : HHH000270: Type registration [java.util.UUID] overrides previous : org.hibernate.type.UUIDBinaryType@448dd966
2016-12-10 20:49:51.957  INFO 4794 --- [    Test worker] j.LocalContainerEntityManagerFactoryBean : Initialized JPA EntityManagerFactory for persistence unit 'default'
2016-12-10 20:49:53.177  INFO 4794 --- [    Test worker] s.w.s.m.m.a.RequestMappingHandlerAdapter : Looking for @ControllerAdvice: org.springframework.web.context.support.GenericWebApplicationContext@7d6a6082: startup date [Sat Dec 10 20:49:35 KST 2016]; root of context hierarchy
2016-12-10 20:49:53.269  INFO 4794 --- [    Test worker] s.w.s.m.m.a.RequestMappingHandlerMapping : Mapped "{[/selectBoard],methods=[GET]}" onto public java.lang.String com.springboot.project06.controller.BoardController.boardList(org.springframework.ui.Model)
2016-12-10 20:49:53.270  INFO 4794 --- [    Test worker] s.w.s.m.m.a.RequestMappingHandlerMapping : Mapped "{[/board_grid]}" onto public java.lang.String com.springboot.project06.controller.BoardController.selectBoardGrid(org.springframework.ui.Model)
2016-12-10 20:49:53.271  INFO 4794 --- [    Test worker] s.w.s.m.m.a.RequestMappingHandlerMapping : Mapped "{[/selectBoard_grid]}" onto public void com.springboot.project06.controller.BoardController.selectBoard_gird(org.apache.catalina.servlet4preview.http.HttpServletRequest,javax.servlet.http.HttpServletResponse)
2016-12-10 20:49:53.271  INFO 4794 --- [    Test worker] s.w.s.m.m.a.RequestMappingHandlerMapping : Mapped "{[/selectBoard_json]}" onto public java.lang.Object com.springboot.project06.controller.BoardController.getJson()
2016-12-10 20:49:53.274  INFO 4794 --- [    Test worker] s.w.s.m.m.a.RequestMappingHandlerMapping : Mapped "{[/mainPage]}" onto public java.lang.String com.springboot.project06.controller.MainController.mainPage()
2016-12-10 20:49:53.274  INFO 4794 --- [    Test worker] s.w.s.m.m.a.RequestMappingHandlerMapping : Mapped "{[/main]}" onto public java.lang.String com.springboot.project06.controller.MainController.indexMethod()
2016-12-10 20:49:53.275  INFO 4794 --- [    Test worker] s.w.s.m.m.a.RequestMappingHandlerMapping : Mapped "{[/daumeditor]}" onto public java.lang.String com.springboot.project06.controller.MainController.daumeditor()
2016-12-10 20:49:53.275  INFO 4794 --- [    Test worker] s.w.s.m.m.a.RequestMappingHandlerMapping : Mapped "{[/board_insert]}" onto public java.lang.String com.springboot.project06.controller.MainController.board_insert()
2016-12-10 20:49:53.275  INFO 4794 --- [    Test worker] s.w.s.m.m.a.RequestMappingHandlerMapping : Mapped "{[/board_insert_1]}" onto public java.lang.String com.springboot.project06.controller.MainController.board_insert_1()
2016-12-10 20:49:53.275  INFO 4794 --- [    Test worker] s.w.s.m.m.a.RequestMappingHandlerMapping : Mapped "{[/testPage]}" onto public java.lang.String com.springboot.project06.controller.MainController.cssTestPage()
2016-12-10 20:49:53.276  INFO 4794 --- [    Test worker] s.w.s.m.m.a.RequestMappingHandlerMapping : Mapped "{[/board]}" onto public java.lang.String com.springboot.project06.controller.MainController.board(org.springframework.ui.Model)
2016-12-10 20:49:53.276  INFO 4794 --- [    Test worker] s.w.s.m.m.a.RequestMappingHandlerMapping : Mapped "{[/test]}" onto public java.lang.String com.springboot.project06.controller.MainController.index()
2016-12-10 20:49:53.281  INFO 4794 --- [    Test worker] s.w.s.m.m.a.RequestMappingHandlerMapping : Mapped "{[/error],produces=[text/html]}" onto public org.springframework.web.servlet.ModelAndView org.springframework.boot.autoconfigure.web.BasicErrorController.errorHtml(javax.servlet.http.HttpServletRequest,javax.servlet.http.HttpServletResponse)
2016-12-10 20:49:53.283  INFO 4794 --- [    Test worker] s.w.s.m.m.a.RequestMappingHandlerMapping : Mapped "{[/error]}" onto public org.springframework.http.ResponseEntity<java.util.Map<java.lang.String, java.lang.Object>> org.springframework.boot.autoconfigure.web.BasicErrorController.error(javax.servlet.http.HttpServletRequest)
2016-12-10 20:49:53.348  INFO 4794 --- [    Test worker] o.s.w.s.handler.SimpleUrlHandlerMapping  : Mapped URL path [/webjars/**] onto handler of type [class org.springframework.web.servlet.resource.ResourceHttpRequestHandler]
2016-12-10 20:49:53.349  INFO 4794 --- [    Test worker] o.s.w.s.handler.SimpleUrlHandlerMapping  : Mapped URL path [/**] onto handler of type [class org.springframework.web.servlet.resource.ResourceHttpRequestHandler]
2016-12-10 20:49:53.406  INFO 4794 --- [    Test worker] o.s.w.s.handler.SimpleUrlHandlerMapping  : Mapped URL path [/**/favicon.ico] onto handler of type [class org.springframework.web.servlet.resource.ResourceHttpRequestHandler]
2016-12-10 20:49:54.442  INFO 4794 --- [    Test worker] b.a.s.AuthenticationManagerConfiguration : 

Using default security password: 16e2c607-c0fe-496c-8ea3-7801adb429a4

2016-12-10 20:49:54.538  INFO 4794 --- [    Test worker] o.s.s.web.DefaultSecurityFilterChain     : Creating filter chain: Ant [pattern='/css/**'], []
2016-12-10 20:49:54.539  INFO 4794 --- [    Test worker] o.s.s.web.DefaultSecurityFilterChain     : Creating filter chain: Ant [pattern='/js/**'], []
2016-12-10 20:49:54.539  INFO 4794 --- [    Test worker] o.s.s.web.DefaultSecurityFilterChain     : Creating filter chain: Ant [pattern='/images/**'], []
2016-12-10 20:49:54.539  INFO 4794 --- [    Test worker] o.s.s.web.DefaultSecurityFilterChain     : Creating filter chain: Ant [pattern='/webjars/**'], []
2016-12-10 20:49:54.539  INFO 4794 --- [    Test worker] o.s.s.web.DefaultSecurityFilterChain     : Creating filter chain: Ant [pattern='/**/favicon.ico'], []
2016-12-10 20:49:54.539  INFO 4794 --- [    Test worker] o.s.s.web.DefaultSecurityFilterChain     : Creating filter chain: Ant [pattern='/error'], []
2016-12-10 20:49:54.640  INFO 4794 --- [    Test worker] o.s.s.web.DefaultSecurityFilterChain     : Creating filter chain: org.springframework.boot.autoconfigure.security.SpringBootWebSecurityConfiguration$ApplicationNoWebSecurityConfigurerAdapter$1@12ea551b, [org.springframework.security.web.context.request.async.WebAsyncManagerIntegrationFilter@5b2dd1fb, org.springframework.security.web.context.SecurityContextPersistenceFilter@515069e1, org.springframework.security.web.header.HeaderWriterFilter@406a42, org.springframework.security.web.csrf.CsrfFilter@7212d358, org.springframework.security.web.authentication.logout.LogoutFilter@670bd535, org.springframework.security.web.savedrequest.RequestCacheAwareFilter@1a40a5ea, org.springframework.security.web.servletapi.SecurityContextHolderAwareRequestFilter@67ef6b40, org.springframework.security.web.authentication.AnonymousAuthenticationFilter@62b605d6, org.springframework.security.web.session.SessionManagementFilter@22e59133, org.springframework.security.web.access.ExceptionTranslationFilter@2ec2cda4]
2016-12-10 20:49:55.019  INFO 4794 --- [    Test worker] .s.p.SpringBootProject06ApplicationTests : Started SpringBootProject06ApplicationTests in 20.27 seconds (JVM running for 22.496)
]]></system-out>
  <system-err><![CDATA[]]></system-err>
</testsuite>
